I am process 114740, running on gpu20.int.triton.aalto.fi: starting (Thu Aug 15 19:11:47 2019)
Namespace(audio_model='Davenet', batch_size=128, data_train='/scratch/elec/puhe/c/placesaudio/PlacesAudio_400k_distro/metadata/nips_train.json', data_val='/scratch/elec/puhe/c/placesaudio/PlacesAudio_400k_distro/metadata/val.json', exp_dir='', image_model='VGG16', input_length=2048, lr=0.0001, lr_decay=5, margin=1.0, momentum=0.9, n_epochs=8, n_print_steps=100, optim='sgd', pretrained_image_model=True, resume=False, simtype='MISA', weight_decay=5e-07)
exp_dir not specified, automatically creating one...

exp_dir: exp/Data-nips_train.json/AudioModel-Davenet_ImageModel-VGG16_Optim-sgd_LR-0.0001_Epochs-8
current #steps=0, #epochs=1
start training...
Epoch: [1][100/900]	Time 3.883 (4.067)	Data 0.000 (0.179)	Loss total 1.9861 (2.0086)
Epoch: [1][200/900]	Time 3.855 (3.975)	Data 0.001 (0.090)	Loss total 1.9940 (2.0068)
Epoch: [1][300/900]	Time 3.902 (3.945)	Data 0.000 (0.060)	Loss total 1.9979 (2.0050)
Epoch: [1][400/900]	Time 3.884 (3.929)	Data 0.000 (0.045)	Loss total 1.9805 (2.0053)
Epoch: [1][500/900]	Time 3.896 (3.920)	Data 0.000 (0.036)	Loss total 2.0634 (2.0046)
Epoch: [1][600/900]	Time 3.877 (3.914)	Data 0.000 (0.030)	Loss total 1.9820 (2.0037)
Epoch: [1][700/900]	Time 3.883 (3.910)	Data 0.000 (0.026)	Loss total 2.0434 (2.0035)
Epoch: [1][800/900]	Time 3.896 (3.907)	Data 0.000 (0.023)	Loss total 1.9735 (2.0031)
 * Audio R@10 0.012 Image R@10 0.009 over 1000 validation pairs
 * Audio R@5 0.004 Image R@5 0.005 over 1000 validation pairs
 * Audio R@1 0.002 Image R@1 0.001 over 1000 validation pairs
Epoch: [2][0/900]	Time 18.933 (3.920)	Data 15.015 (0.037)	Loss total 2.0092 (2.0036)
Epoch: [2][100/900]	Time 3.882 (3.917)	Data 0.000 (0.033)	Loss total 1.9600 (2.0033)
Epoch: [2][200/900]	Time 3.852 (3.912)	Data 0.000 (0.030)	Loss total 1.9936 (2.0029)
Epoch: [2][300/900]	Time 3.858 (3.906)	Data 0.000 (0.028)	Loss total 1.9820 (2.0026)
Epoch: [2][400/900]	Time 3.887 (3.901)	Data 0.000 (0.026)	Loss total 2.0319 (2.0023)
Epoch: [2][500/900]	Time 3.807 (3.897)	Data 0.000 (0.024)	Loss total 2.0100 (2.0020)
Epoch: [2][600/900]	Time 3.892 (3.893)	Data 0.000 (0.022)	Loss total 2.0131 (2.0016)
Epoch: [2][700/900]	Time 3.837 (3.890)	Data 0.000 (0.021)	Loss total 2.0023 (2.0014)
Epoch: [2][800/900]	Time 3.824 (3.886)	Data 0.000 (0.020)	Loss total 1.9669 (2.0013)
 * Audio R@10 0.010 Image R@10 0.013 over 1000 validation pairs
 * Audio R@5 0.006 Image R@5 0.006 over 1000 validation pairs
 * Audio R@1 0.000 Image R@1 0.001 over 1000 validation pairs
Epoch: [3][0/900]	Time 19.317 (3.892)	Data 15.402 (0.027)	Loss total 1.9676 (2.0013)
Epoch: [3][100/900]	Time 3.841 (3.889)	Data 0.001 (0.026)	Loss total 1.9878 (2.0009)
Epoch: [3][200/900]	Time 3.847 (3.887)	Data 0.000 (0.024)	Loss total 1.9788 (2.0009)
Epoch: [3][300/900]	Time 3.837 (3.884)	Data 0.001 (0.023)	Loss total 2.0187 (2.0005)
Epoch: [3][400/900]	Time 3.846 (3.882)	Data 0.000 (0.022)	Loss total 2.0365 (2.0002)
Epoch: [3][500/900]	Time 3.837 (3.880)	Data 0.000 (0.021)	Loss total 2.0209 (2.0000)
Epoch: [3][600/900]	Time 3.851 (3.878)	Data 0.000 (0.020)	Loss total 1.9885 (1.9998)
Epoch: [3][700/900]	Time 3.847 (3.877)	Data 0.000 (0.020)	Loss total 1.9679 (1.9997)
Epoch: [3][800/900]	Time 3.825 (3.875)	Data 0.000 (0.019)	Loss total 1.9968 (1.9993)
 * Audio R@10 0.007 Image R@10 0.009 over 1000 validation pairs
 * Audio R@5 0.004 Image R@5 0.005 over 1000 validation pairs
 * Audio R@1 0.000 Image R@1 0.001 over 1000 validation pairs
Epoch: [4][0/900]	Time 20.721 (3.880)	Data 16.850 (0.024)	Loss total 1.9425 (1.9993)
Epoch: [4][100/900]	Time 3.837 (3.879)	Data 0.000 (0.024)	Loss total 2.0022 (1.9992)
Epoch: [4][200/900]	Time 3.839 (3.877)	Data 0.000 (0.023)	Loss total 1.9698 (1.9989)
Epoch: [4][300/900]	Time 3.855 (3.876)	Data 0.000 (0.022)	Loss total 2.0065 (1.9989)
Epoch: [4][400/900]	Time 3.836 (3.875)	Data 0.000 (0.021)	Loss total 1.9616 (1.9987)
Epoch: [4][500/900]	Time 3.836 (3.874)	Data 0.000 (0.021)	Loss total 1.9870 (1.9985)
Epoch: [4][600/900]	Time 3.849 (3.872)	Data 0.000 (0.020)	Loss total 1.9690 (1.9984)
Epoch: [4][700/900]	Time 3.855 (3.871)	Data 0.000 (0.019)	Loss total 2.0079 (1.9982)
Epoch: [4][800/900]	Time 3.833 (3.870)	Data 0.000 (0.019)	Loss total 2.0398 (1.9979)
 * Audio R@10 0.011 Image R@10 0.008 over 1000 validation pairs
 * Audio R@5 0.002 Image R@5 0.004 over 1000 validation pairs
 * Audio R@1 0.000 Image R@1 0.000 over 1000 validation pairs
Epoch: [5][0/900]	Time 19.812 (3.874)	Data 15.963 (0.023)	Loss total 2.0133 (1.9976)
Epoch: [5][100/900]	Time 3.840 (3.873)	Data 0.000 (0.022)	Loss total 2.0336 (1.9975)
Epoch: [5][200/900]	Time 3.832 (3.872)	Data 0.000 (0.022)	Loss total 1.9909 (1.9972)
Epoch: [5][300/900]	Time 3.820 (3.871)	Data 0.000 (0.021)	Loss total 1.9890 (1.9972)
Epoch: [5][400/900]	Time 3.848 (3.870)	Data 0.000 (0.021)	Loss total 2.0440 (1.9971)
Epoch: [5][500/900]	Time 3.847 (3.869)	Data 0.000 (0.020)	Loss total 2.0065 (1.9970)
Epoch: [5][600/900]	Time 3.827 (3.869)	Data 0.000 (0.020)	Loss total 2.0102 (1.9969)
Epoch: [5][700/900]	Time 3.841 (3.868)	Data 0.000 (0.019)	Loss total 1.9889 (1.9968)
Epoch: [5][800/900]	Time 3.837 (3.867)	Data 0.000 (0.019)	Loss total 2.0232 (1.9966)
 * Audio R@10 0.007 Image R@10 0.009 over 1000 validation pairs
 * Audio R@5 0.004 Image R@5 0.005 over 1000 validation pairs
 * Audio R@1 0.000 Image R@1 0.001 over 1000 validation pairs
Epoch: [6][0/900]	Time 20.044 (3.870)	Data 16.027 (0.022)	Loss total 1.9549 (1.9965)
Epoch: [6][100/900]	Time 3.871 (3.869)	Data 0.001 (0.021)	Loss total 2.0143 (1.9964)
Epoch: [6][200/900]	Time 3.850 (3.869)	Data 0.000 (0.021)	Loss total 2.0141 (1.9962)
Epoch: [6][300/900]	Time 3.834 (3.868)	Data 0.000 (0.021)	Loss total 2.0002 (1.9959)
Epoch: [6][400/900]	Time 3.826 (3.867)	Data 0.000 (0.020)	Loss total 2.0322 (1.9957)
Epoch: [6][500/900]	Time 3.836 (3.867)	Data 0.000 (0.020)	Loss total 1.9760 (1.9955)
Epoch: [6][600/900]	Time 3.809 (3.866)	Data 0.000 (0.019)	Loss total 1.9724 (1.9953)
Epoch: [6][700/900]	Time 3.842 (3.866)	Data 0.000 (0.019)	Loss total 1.9493 (1.9953)
Epoch: [6][800/900]	Time 3.844 (3.865)	Data 0.000 (0.019)	Loss total 2.0306 (1.9950)
 * Audio R@10 0.007 Image R@10 0.011 over 1000 validation pairs
 * Audio R@5 0.006 Image R@5 0.008 over 1000 validation pairs
 * Audio R@1 0.001 Image R@1 0.001 over 1000 validation pairs
Epoch: [7][0/900]	Time 20.612 (3.868)	Data 16.738 (0.021)	Loss total 1.9714 (1.9948)
Epoch: [7][100/900]	Time 3.830 (3.867)	Data 0.000 (0.021)	Loss total 1.9427 (1.9946)
Epoch: [7][200/900]	Time 3.838 (3.867)	Data 0.000 (0.021)	Loss total 1.9812 (1.9944)
Epoch: [7][300/900]	Time 3.803 (3.866)	Data 0.000 (0.020)	Loss total 2.0049 (1.9941)
Epoch: [7][400/900]	Time 3.868 (3.866)	Data 0.000 (0.020)	Loss total 1.9993 (1.9940)
Epoch: [7][500/900]	Time 3.827 (3.865)	Data 0.000 (0.020)	Loss total 1.9589 (1.9937)
Epoch: [7][600/900]	Time 3.820 (3.865)	Data 0.000 (0.019)	Loss total 1.9959 (1.9934)
Epoch: [7][700/900]	Time 3.842 (3.864)	Data 0.000 (0.019)	Loss total 1.9945 (1.9933)
Epoch: [7][800/900]	Time 3.855 (3.864)	Data 0.000 (0.019)	Loss total 1.9427 (1.9931)
 * Audio R@10 0.008 Image R@10 0.010 over 1000 validation pairs
 * Audio R@5 0.004 Image R@5 0.004 over 1000 validation pairs
 * Audio R@1 0.000 Image R@1 0.002 over 1000 validation pairs
Epoch: [8][0/900]	Time 19.334 (3.866)	Data 15.329 (0.021)	Loss total 1.9945 (1.9929)
Epoch: [8][100/900]	Time 3.849 (3.866)	Data 0.000 (0.020)	Loss total 1.9186 (1.9925)
Epoch: [8][200/900]	Time 3.850 (3.865)	Data 0.000 (0.020)	Loss total 1.9517 (1.9923)
Epoch: [8][300/900]	Time 3.829 (3.865)	Data 0.000 (0.020)	Loss total 1.9756 (1.9921)
Epoch: [8][400/900]	Time 3.849 (3.864)	Data 0.000 (0.020)	Loss total 1.9753 (1.9919)
Epoch: [8][500/900]	Time 3.842 (3.864)	Data 0.000 (0.019)	Loss total 1.9812 (1.9917)
Epoch: [8][600/900]	Time 3.820 (3.864)	Data 0.000 (0.019)	Loss total 1.9236 (1.9916)
Epoch: [8][700/900]	Time 3.846 (3.863)	Data 0.000 (0.019)	Loss total 2.0201 (1.9913)
Epoch: [8][800/900]	Time 3.848 (3.863)	Data 0.001 (0.018)	Loss total 2.0210 (1.9911)
 * Audio R@10 0.009 Image R@10 0.012 over 1000 validation pairs
 * Audio R@5 0.004 Image R@5 0.007 over 1000 validation pairs
 * Audio R@1 0.001 Image R@1 0.003 over 1000 validation pairs
