I am process 398454, running on gpu34.int.triton.aalto.fi: starting (Fri Aug 16 09:53:45 2019)
Namespace(audio_model='Davenet', batch_size=128, data_train='/scratch/elec/puhe/c/placesaudio/PlacesAudio_400k_distro/metadata/nips_train.json', data_val='/scratch/elec/puhe/c/placesaudio/PlacesAudio_400k_distro/metadata/val.json', exp_dir='', image_model='VGG16', input_length=2048, lr=0.001, lr_decay=5, margin=1.0, momentum=0.9, n_epochs=4, n_print_steps=100, optim='sgd', pretrained_image_model=True, resume=False, simtype='MISA', weight_decay=5e-07)
exp_dir not specified, automatically creating one...

exp_dir: exp/Data-nips_train.json/AudioModel-Davenet_ImageModel-VGG16_Optim-sgd_LR-0.001_Epochs-4
current #steps=0, #epochs=1
start training...
Epoch: [1][100/900]	Time 0.486 (1.901)	Data 0.000 (1.394)	Loss total 2.0161 (2.0171)
Epoch: [1][200/900]	Time 7.931 (1.892)	Data 7.389 (1.386)	Loss total 1.9982 (2.0163)
Epoch: [1][300/900]	Time 0.489 (1.882)	Data 0.000 (1.379)	Loss total 2.0468 (2.0176)
Epoch: [1][400/900]	Time 7.007 (1.886)	Data 6.521 (1.384)	Loss total 2.0137 (2.0159)
Epoch: [1][500/900]	Time 0.540 (1.887)	Data 0.000 (1.385)	Loss total 1.9612 (2.0161)
Epoch: [1][600/900]	Time 3.907 (1.877)	Data 3.422 (1.375)	Loss total 1.9741 (2.0159)
Epoch: [1][700/900]	Time 0.489 (1.877)	Data 0.000 (1.375)	Loss total 1.9581 (2.0167)
Epoch: [1][800/900]	Time 4.462 (1.869)	Data 3.961 (1.367)	Loss total 2.0077 (2.0168)
 * Audio R@10 0.006 Image R@10 0.009 over 1000 validation pairs
 * Audio R@5 0.002 Image R@5 0.005 over 1000 validation pairs
 * Audio R@1 0.000 Image R@1 0.000 over 1000 validation pairs
Epoch: [2][0/900]	Time 12.130 (1.877)	Data 11.563 (1.375)	Loss total 2.0328 (2.0167)
Epoch: [2][100/900]	Time 0.488 (1.843)	Data 0.000 (1.338)	Loss total 2.0910 (2.0168)
Epoch: [2][200/900]	Time 6.152 (1.824)	Data 5.657 (1.318)	Loss total 1.9790 (2.0159)
Epoch: [2][300/900]	Time 0.493 (1.808)	Data 0.000 (1.300)	Loss total 2.0064 (2.0157)
Epoch: [2][400/900]	Time 11.537 (1.814)	Data 11.052 (1.306)	Loss total 2.0325 (2.0158)
Epoch: [2][500/900]	Time 0.577 (1.812)	Data 0.000 (1.305)	Loss total 1.9273 (2.0153)
Epoch: [2][600/900]	Time 10.401 (1.820)	Data 9.918 (1.313)	Loss total 1.9786 (2.0155)
Epoch: [2][700/900]	Time 0.515 (1.823)	Data 0.000 (1.316)	Loss total 2.0033 (2.0153)
Epoch: [2][800/900]	Time 0.925 (1.823)	Data 0.411 (1.316)	Loss total 1.9319 (2.0154)
 * Audio R@10 0.010 Image R@10 0.011 over 1000 validation pairs
 * Audio R@5 0.003 Image R@5 0.004 over 1000 validation pairs
 * Audio R@1 0.000 Image R@1 0.001 over 1000 validation pairs
Epoch: [3][0/900]	Time 12.326 (1.830)	Data 11.733 (1.323)	Loss total 1.9779 (2.0147)
Epoch: [3][100/900]	Time 2.659 (1.817)	Data 2.148 (1.309)	Loss total 1.9143 (2.0146)
Epoch: [3][200/900]	Time 0.547 (1.809)	Data 0.060 (1.300)	Loss total 2.0162 (2.0138)
Epoch: [3][300/900]	Time 0.530 (1.807)	Data 0.000 (1.299)	Loss total 1.9889 (2.0134)
Epoch: [3][400/900]	Time 0.485 (1.805)	Data 0.000 (1.296)	Loss total 2.0298 (2.0132)
Epoch: [3][500/900]	Time 0.488 (1.809)	Data 0.000 (1.300)	Loss total 2.0137 (2.0133)
Epoch: [3][600/900]	Time 0.531 (1.815)	Data 0.004 (1.306)	Loss total 2.0310 (2.0130)
Epoch: [3][700/900]	Time 0.487 (1.817)	Data 0.000 (1.309)	Loss total 1.9910 (2.0127)
Epoch: [3][800/900]	Time 0.508 (1.822)	Data 0.000 (1.314)	Loss total 1.9000 (2.0124)
 * Audio R@10 0.009 Image R@10 0.009 over 1000 validation pairs
 * Audio R@5 0.003 Image R@5 0.007 over 1000 validation pairs
 * Audio R@1 0.000 Image R@1 0.002 over 1000 validation pairs
Epoch: [4][0/900]	Time 10.897 (1.829)	Data 10.352 (1.321)	Loss total 1.9718 (2.0124)
Epoch: [4][100/900]	Time 0.489 (1.821)	Data 0.000 (1.313)	Loss total 1.9917 (2.0122)
Epoch: [4][200/900]	Time 9.714 (1.818)	Data 9.221 (1.310)	Loss total 1.9987 (2.0117)
Epoch: [4][300/900]	Time 0.487 (1.812)	Data 0.000 (1.304)	Loss total 1.9867 (2.0116)
Epoch: [4][400/900]	Time 11.231 (1.811)	Data 10.719 (1.303)	Loss total 1.9975 (2.0115)
Epoch: [4][500/900]	Time 0.501 (1.810)	Data 0.000 (1.301)	Loss total 2.0026 (2.0111)
Epoch: [4][600/900]	Time 1.832 (1.810)	Data 1.255 (1.302)	Loss total 2.0265 (2.0108)
Epoch: [4][700/900]	Time 0.488 (1.813)	Data 0.000 (1.305)	Loss total 1.9827 (2.0105)
Epoch: [4][800/900]	Time 0.523 (1.812)	Data 0.000 (1.303)	Loss total 2.0150 (2.0104)
 * Audio R@10 0.007 Image R@10 0.008 over 1000 validation pairs
 * Audio R@5 0.005 Image R@5 0.005 over 1000 validation pairs
 * Audio R@1 0.000 Image R@1 0.001 over 1000 validation pairs
