I am process 46210, running on gpu22.int.triton.aalto.fi: starting (Tue Aug 13 10:00:56 2019)
Namespace(audio_model='Davenet', batch_size=128, data_train='/scratch/elec/puhe/c/placesaudio/PlacesAudio_400k_distro/metadata/nips_train.json', data_val='/scratch/elec/puhe/c/placesaudio/PlacesAudio_400k_distro/metadata/val.json', exp_dir='', image_model='VGG16', input_length=2048, lr=1e-05, lr_decay=5, margin=1.0, momentum=0.9, n_epochs=50, n_print_steps=100, optim='sgd', pretrained_image_model=False, resume=False, simtype='MISA', weight_decay=5e-07)
exp_dir not specified, automatically creating one...

exp_dir: exp/Data-nips_train.json/AudioModel-Davenet_ImageModel-VGG16_Optim-sgd_LR-1e-05_Epochs-50
current #steps=0, #epochs=1
start training...
Epoch: [1][100/900]	Time 3.580 (3.776)	Data 0.000 (0.203)	Loss total 1.9463 (2.0011)
Epoch: [1][200/900]	Time 3.573 (3.675)	Data 0.000 (0.102)	Loss total 2.0243 (2.0023)
Epoch: [1][300/900]	Time 3.563 (3.641)	Data 0.000 (0.068)	Loss total 2.0374 (2.0039)
Epoch: [1][400/900]	Time 3.588 (3.623)	Data 0.000 (0.051)	Loss total 2.0131 (2.0043)
Epoch: [1][500/900]	Time 3.568 (3.613)	Data 0.000 (0.041)	Loss total 2.0515 (2.0048)
Epoch: [1][600/900]	Time 3.639 (3.613)	Data 0.000 (0.034)	Loss total 2.0205 (2.0047)
Epoch: [1][700/900]	Time 3.617 (3.613)	Data 0.000 (0.029)	Loss total 2.0246 (2.0044)
Epoch: [1][800/900]	Time 3.577 (3.613)	Data 0.000 (0.026)	Loss total 2.0043 (2.0044)
 * Audio R@10 0.011 Image R@10 0.011 over 1000 validation pairs
 * Audio R@5 0.006 Image R@5 0.005 over 1000 validation pairs
 * Audio R@1 0.001 Image R@1 0.001 over 1000 validation pairs
Epoch: [2][0/900]	Time 20.803 (3.632)	Data 16.978 (0.042)	Loss total 1.9553 (2.0038)
Epoch: [2][100/900]	Time 3.601 (3.631)	Data 0.000 (0.038)	Loss total 1.9525 (2.0036)
Epoch: [2][200/900]	Time 3.614 (3.630)	Data 0.000 (0.034)	Loss total 1.9745 (2.0034)
Epoch: [2][300/900]	Time 3.625 (3.629)	Data 0.000 (0.031)	Loss total 1.9452 (2.0029)
Epoch: [2][400/900]	Time 3.629 (3.628)	Data 0.000 (0.029)	Loss total 1.9792 (2.0028)
Epoch: [2][500/900]	Time 3.642 (3.628)	Data 0.000 (0.027)	Loss total 1.9648 (2.0027)
Epoch: [2][600/900]	Time 3.619 (3.627)	Data 0.000 (0.025)	Loss total 2.0140 (2.0028)
Epoch: [2][700/900]	Time 3.609 (3.627)	Data 0.000 (0.024)	Loss total 2.0322 (2.0028)
Epoch: [2][800/900]	Time 3.676 (3.627)	Data 0.000 (0.022)	Loss total 2.0013 (2.0029)
 * Audio R@10 0.013 Image R@10 0.010 over 1000 validation pairs
 * Audio R@5 0.005 Image R@5 0.005 over 1000 validation pairs
 * Audio R@1 0.001 Image R@1 0.001 over 1000 validation pairs
Epoch: [3][0/900]	Time 19.756 (3.635)	Data 15.877 (0.030)	Loss total 2.0076 (2.0029)
Epoch: [3][100/900]	Time 3.592 (3.634)	Data 0.000 (0.028)	Loss total 2.0045 (2.0026)
Epoch: [3][200/900]	Time 3.590 (3.633)	Data 0.000 (0.027)	Loss total 2.0029 (2.0028)
Epoch: [3][300/900]	Time 3.621 (3.632)	Data 0.000 (0.026)	Loss total 1.9996 (2.0028)
Epoch: [3][400/900]	Time 3.623 (3.631)	Data 0.000 (0.025)	Loss total 1.9805 (2.0027)
Epoch: [3][500/900]	Time 3.612 (3.630)	Data 0.000 (0.024)	Loss total 2.0231 (2.0027)
Epoch: [3][600/900]	Time 3.596 (3.629)	Data 0.000 (0.023)	Loss total 1.9747 (2.0025)
Epoch: [3][700/900]	Time 3.615 (3.628)	Data 0.000 (0.022)	Loss total 1.9805 (2.0024)
Epoch: [3][800/900]	Time 3.629 (3.627)	Data 0.000 (0.021)	Loss total 1.9897 (2.0021)
 * Audio R@10 0.011 Image R@10 0.009 over 1000 validation pairs
 * Audio R@5 0.004 Image R@5 0.006 over 1000 validation pairs
 * Audio R@1 0.001 Image R@1 0.001 over 1000 validation pairs
Epoch: [4][0/900]	Time 22.361 (3.633)	Data 18.424 (0.027)	Loss total 2.0036 (2.0022)
Epoch: [4][100/900]	Time 3.611 (3.632)	Data 0.000 (0.026)	Loss total 1.9982 (2.0019)
Epoch: [4][200/900]	Time 3.605 (3.631)	Data 0.000 (0.025)	Loss total 2.0379 (2.0019)
Epoch: [4][300/900]	Time 3.583 (3.630)	Data 0.000 (0.024)	Loss total 2.0357 (2.0019)
Epoch: [4][400/900]	Time 3.659 (3.630)	Data 0.000 (0.023)	Loss total 1.9848 (2.0018)
Epoch: [4][500/900]	Time 3.609 (3.630)	Data 0.000 (0.023)	Loss total 1.9494 (2.0019)
Epoch: [4][600/900]	Time 3.634 (3.629)	Data 0.000 (0.022)	Loss total 2.0047 (2.0019)
Epoch: [4][700/900]	Time 3.632 (3.629)	Data 0.000 (0.021)	Loss total 2.0281 (2.0020)
Epoch: [4][800/900]	Time 3.612 (3.629)	Data 0.001 (0.021)	Loss total 1.9889 (2.0018)
 * Audio R@10 0.009 Image R@10 0.009 over 1000 validation pairs
 * Audio R@5 0.003 Image R@5 0.006 over 1000 validation pairs
 * Audio R@1 0.001 Image R@1 0.001 over 1000 validation pairs
Epoch: [5][0/900]	Time 21.291 (3.634)	Data 17.168 (0.025)	Loss total 2.0269 (2.0016)
Epoch: [5][100/900]	Time 3.627 (3.633)	Data 0.000 (0.024)	Loss total 2.0044 (2.0015)
Epoch: [5][200/900]	Time 3.584 (3.633)	Data 0.000 (0.024)	Loss total 1.9443 (2.0015)
Epoch: [5][300/900]	Time 3.671 (3.633)	Data 0.000 (0.023)	Loss total 1.9893 (2.0014)
Epoch: [5][400/900]	Time 3.613 (3.633)	Data 0.000 (0.023)	Loss total 2.0257 (2.0014)
Epoch: [5][500/900]	Time 3.572 (3.632)	Data 0.000 (0.022)	Loss total 1.9788 (2.0013)
Epoch: [5][600/900]	Time 3.558 (3.631)	Data 0.001 (0.022)	Loss total 2.0265 (2.0013)
Epoch: [5][700/900]	Time 3.576 (3.630)	Data 0.000 (0.021)	Loss total 2.0174 (2.0013)
Epoch: [5][800/900]	Time 3.613 (3.629)	Data 0.000 (0.021)	Loss total 2.0429 (2.0013)
 * Audio R@10 0.011 Image R@10 0.009 over 1000 validation pairs
 * Audio R@5 0.003 Image R@5 0.005 over 1000 validation pairs
 * Audio R@1 0.001 Image R@1 0.001 over 1000 validation pairs
Epoch: [6][0/900]	Time 21.684 (3.632)	Data 17.848 (0.024)	Loss total 2.0095 (2.0013)
Epoch: [6][100/900]	Time 3.611 (3.631)	Data 0.000 (0.024)	Loss total 2.0277 (2.0012)
Epoch: [6][200/900]	Time 3.624 (3.630)	Data 0.000 (0.023)	Loss total 2.0019 (2.0011)
Epoch: [6][300/900]	Time 3.608 (3.629)	Data 0.000 (0.023)	Loss total 1.9414 (2.0009)
Epoch: [6][400/900]	Time 3.595 (3.629)	Data 0.000 (0.022)	Loss total 2.0296 (2.0008)
Epoch: [6][500/900]	Time 3.586 (3.628)	Data 0.002 (0.022)	Loss total 2.0446 (2.0008)
Epoch: [6][600/900]	Time 3.595 (3.627)	Data 0.000 (0.022)	Loss total 2.0068 (2.0007)
Epoch: [6][700/900]	Time 3.600 (3.626)	Data 0.000 (0.021)	Loss total 1.9578 (2.0007)
Epoch: [6][800/900]	Time 3.557 (3.625)	Data 0.000 (0.021)	Loss total 2.0079 (2.0007)
 * Audio R@10 0.008 Image R@10 0.009 over 1000 validation pairs
 * Audio R@5 0.003 Image R@5 0.006 over 1000 validation pairs
 * Audio R@1 0.000 Image R@1 0.001 over 1000 validation pairs
Epoch: [7][0/900]	Time 19.672 (3.628)	Data 15.848 (0.023)	Loss total 1.9544 (2.0006)
Epoch: [7][100/900]	Time 3.606 (3.627)	Data 0.000 (0.023)	Loss total 1.9353 (2.0007)
Epoch: [7][200/900]	Time 3.569 (3.626)	Data 0.000 (0.022)	Loss total 1.9751 (2.0006)
Epoch: [7][300/900]	Time 3.583 (3.626)	Data 0.000 (0.022)	Loss total 2.0059 (2.0007)
Epoch: [7][400/900]	Time 3.598 (3.625)	Data 0.000 (0.022)	Loss total 2.0283 (2.0006)
Epoch: [7][500/900]	Time 3.608 (3.624)	Data 0.001 (0.021)	Loss total 2.0098 (2.0005)
Epoch: [7][600/900]	Time 3.603 (3.624)	Data 0.000 (0.021)	Loss total 1.9625 (2.0004)
Epoch: [7][700/900]	Time 3.590 (3.623)	Data 0.000 (0.021)	Loss total 1.9903 (2.0004)
Epoch: [7][800/900]	Time 3.548 (3.622)	Data 0.000 (0.020)	Loss total 2.0126 (2.0004)
 * Audio R@10 0.007 Image R@10 0.009 over 1000 validation pairs
 * Audio R@5 0.003 Image R@5 0.005 over 1000 validation pairs
 * Audio R@1 0.000 Image R@1 0.001 over 1000 validation pairs
Epoch: [8][0/900]	Time 21.123 (3.624)	Data 17.297 (0.023)	Loss total 1.9925 (2.0003)
Epoch: [8][100/900]	Time 3.539 (3.624)	Data 0.000 (0.022)	Loss total 1.9809 (2.0003)
Epoch: [8][200/900]	Time 3.551 (3.623)	Data 0.000 (0.022)	Loss total 1.9873 (2.0003)
Epoch: [8][300/900]	Time 3.575 (3.622)	Data 0.000 (0.022)	Loss total 2.0052 (2.0003)
Epoch: [8][400/900]	Time 3.574 (3.622)	Data 0.000 (0.021)	Loss total 1.9779 (2.0003)
Epoch: [8][500/900]	Time 3.594 (3.621)	Data 0.000 (0.021)	Loss total 1.9534 (2.0003)
Epoch: [8][600/900]	Time 3.577 (3.620)	Data 0.000 (0.021)	Loss total 1.9867 (2.0003)
Epoch: [8][700/900]	Time 3.578 (3.620)	Data 0.000 (0.021)	Loss total 2.0016 (2.0002)
Epoch: [8][800/900]	Time 3.564 (3.619)	Data 0.000 (0.020)	Loss total 2.0210 (2.0002)
 * Audio R@10 0.009 Image R@10 0.007 over 1000 validation pairs
 * Audio R@5 0.003 Image R@5 0.006 over 1000 validation pairs
 * Audio R@1 0.000 Image R@1 0.001 over 1000 validation pairs
Epoch: [9][0/900]	Time 19.989 (3.621)	Data 16.201 (0.022)	Loss total 1.9791 (2.0002)
Epoch: [9][100/900]	Time 3.581 (3.621)	Data 0.000 (0.022)	Loss total 1.9793 (2.0002)
Epoch: [9][200/900]	Time 3.585 (3.620)	Data 0.000 (0.022)	Loss total 1.9539 (2.0002)
Epoch: [9][300/900]	Time 3.552 (3.620)	Data 0.000 (0.021)	Loss total 1.9663 (2.0002)
Epoch: [9][400/900]	Time 3.601 (3.619)	Data 0.000 (0.021)	Loss total 2.0105 (2.0001)
Epoch: [9][500/900]	Time 3.587 (3.619)	Data 0.000 (0.021)	Loss total 1.9836 (2.0000)
Epoch: [9][600/900]	Time 3.569 (3.618)	Data 0.000 (0.021)	Loss total 1.9918 (2.0000)
Epoch: [9][700/900]	Time 3.587 (3.618)	Data 0.000 (0.020)	Loss total 1.9791 (2.0000)
Epoch: [9][800/900]	Time 3.585 (3.617)	Data 0.000 (0.020)	Loss total 2.0423 (2.0000)
 * Audio R@10 0.007 Image R@10 0.007 over 1000 validation pairs
 * Audio R@5 0.003 Image R@5 0.006 over 1000 validation pairs
 * Audio R@1 0.000 Image R@1 0.001 over 1000 validation pairs
Epoch: [10][0/900]	Time 20.517 (3.619)	Data 16.778 (0.022)	Loss total 2.0001 (1.9999)
Epoch: [10][100/900]	Time 3.582 (3.618)	Data 0.000 (0.022)	Loss total 2.0198 (1.9999)
Epoch: [10][200/900]	Time 3.569 (3.618)	Data 0.000 (0.021)	Loss total 1.9243 (1.9999)
Epoch: [10][300/900]	Time 3.585 (3.617)	Data 0.000 (0.021)	Loss total 1.9854 (1.9998)
Epoch: [10][400/900]	Time 3.579 (3.617)	Data 0.000 (0.021)	Loss total 2.0215 (1.9997)
Epoch: [10][500/900]	Time 3.591 (3.616)	Data 0.000 (0.021)	Loss total 1.9632 (1.9997)
Epoch: [10][600/900]	Time 3.543 (3.616)	Data 0.000 (0.020)	Loss total 2.0119 (1.9997)
Epoch: [10][700/900]	Time 3.576 (3.616)	Data 0.000 (0.020)	Loss total 2.0093 (1.9997)
Epoch: [10][800/900]	Time 3.582 (3.615)	Data 0.000 (0.020)	Loss total 1.9939 (1.9996)
 * Audio R@10 0.007 Image R@10 0.008 over 1000 validation pairs
 * Audio R@5 0.003 Image R@5 0.006 over 1000 validation pairs
 * Audio R@1 0.000 Image R@1 0.001 over 1000 validation pairs
Epoch: [11][0/900]	Time 20.913 (3.616)	Data 17.142 (0.022)	Loss total 1.9904 (1.9996)
Epoch: [11][100/900]	Time 3.570 (3.616)	Data 0.000 (0.021)	Loss total 2.0341 (1.9996)
Epoch: [11][200/900]	Time 3.572 (3.616)	Data 0.000 (0.021)	Loss total 1.9767 (1.9996)
Epoch: [11][300/900]	Time 3.564 (3.615)	Data 0.000 (0.021)	Loss total 2.0103 (1.9996)
Epoch: [11][400/900]	Time 3.588 (3.615)	Data 0.000 (0.021)	Loss total 2.0196 (1.9996)
Epoch: [11][500/900]	Time 3.585 (3.614)	Data 0.000 (0.020)	Loss total 1.9761 (1.9995)
Epoch: [11][600/900]	Time 3.565 (3.614)	Data 0.000 (0.020)	Loss total 2.0189 (1.9994)
Epoch: [11][700/900]	Time 3.555 (3.614)	Data 0.000 (0.020)	Loss total 2.0181 (1.9994)
Epoch: [11][800/900]	Time 3.590 (3.613)	Data 0.000 (0.020)	Loss total 2.0478 (1.9994)
 * Audio R@10 0.006 Image R@10 0.008 over 1000 validation pairs
 * Audio R@5 0.003 Image R@5 0.005 over 1000 validation pairs
 * Audio R@1 0.000 Image R@1 0.001 over 1000 validation pairs
Epoch: [12][0/900]	Time 20.743 (3.615)	Data 16.964 (0.021)	Loss total 1.9504 (1.9993)
Epoch: [12][100/900]	Time 3.589 (3.614)	Data 0.000 (0.021)	Loss total 1.9828 (1.9992)
Epoch: [12][200/900]	Time 3.567 (3.614)	Data 0.000 (0.021)	Loss total 2.0249 (1.9992)
Epoch: [12][300/900]	Time 3.580 (3.613)	Data 0.000 (0.021)	Loss total 2.0171 (1.9992)
Epoch: [12][400/900]	Time 3.567 (3.613)	Data 0.000 (0.021)	Loss total 1.9662 (1.9992)
Epoch: [12][500/900]	Time 3.588 (3.613)	Data 0.000 (0.020)	Loss total 1.9642 (1.9991)
Epoch: [12][600/900]	Time 3.583 (3.612)	Data 0.000 (0.020)	Loss total 2.0332 (1.9991)
Epoch: [12][700/900]	Time 3.582 (3.612)	Data 0.000 (0.020)	Loss total 1.9569 (1.9991)
Epoch: [12][800/900]	Time 3.567 (3.612)	Data 0.000 (0.020)	Loss total 2.0052 (1.9991)
 * Audio R@10 0.006 Image R@10 0.009 over 1000 validation pairs
 * Audio R@5 0.003 Image R@5 0.005 over 1000 validation pairs
 * Audio R@1 0.000 Image R@1 0.001 over 1000 validation pairs
Epoch: [13][0/900]	Time 21.926 (3.613)	Data 18.216 (0.021)	Loss total 2.0035 (1.9990)
Epoch: [13][100/900]	Time 3.584 (3.613)	Data 0.000 (0.021)	Loss total 2.0092 (1.9990)
Epoch: [13][200/900]	Time 3.547 (3.612)	Data 0.000 (0.021)	Loss total 1.9202 (1.9990)
Epoch: [13][300/900]	Time 3.598 (3.612)	Data 0.000 (0.021)	Loss total 1.9847 (1.9990)
Epoch: [13][400/900]	Time 3.592 (3.612)	Data 0.000 (0.021)	Loss total 2.0041 (1.9989)
Epoch: [13][500/900]	Time 3.574 (3.611)	Data 0.000 (0.020)	Loss total 1.9209 (1.9990)
Epoch: [13][600/900]	Time 3.588 (3.611)	Data 0.000 (0.020)	Loss total 1.9910 (1.9989)
Epoch: [13][700/900]	Time 3.555 (3.611)	Data 0.000 (0.020)	Loss total 2.0087 (1.9989)
Epoch: [13][800/900]	Time 3.581 (3.610)	Data 0.000 (0.020)	Loss total 1.9944 (1.9989)
 * Audio R@10 0.007 Image R@10 0.007 over 1000 validation pairs
 * Audio R@5 0.003 Image R@5 0.006 over 1000 validation pairs
 * Audio R@1 0.000 Image R@1 0.001 over 1000 validation pairs
Epoch: [14][0/900]	Time 20.518 (3.612)	Data 16.702 (0.021)	Loss total 2.0505 (1.9989)
Epoch: [14][100/900]	Time 3.566 (3.611)	Data 0.000 (0.021)	Loss total 2.0106 (1.9989)
Epoch: [14][200/900]	Time 3.590 (3.611)	Data 0.000 (0.021)	Loss total 1.9645 (1.9989)
Epoch: [14][300/900]	Time 3.573 (3.611)	Data 0.000 (0.021)	Loss total 1.9534 (1.9989)
Epoch: [14][400/900]	Time 3.562 (3.610)	Data 0.000 (0.020)	Loss total 2.0326 (1.9989)
Epoch: [14][500/900]	Time 3.566 (3.610)	Data 0.000 (0.020)	Loss total 2.0042 (1.9988)
Epoch: [14][600/900]	Time 3.577 (3.610)	Data 0.000 (0.020)	Loss total 2.0253 (1.9988)
Epoch: [14][700/900]	Time 3.581 (3.609)	Data 0.000 (0.020)	Loss total 2.0445 (1.9988)
Epoch: [14][800/900]	Time 3.586 (3.609)	Data 0.000 (0.020)	Loss total 2.0020 (1.9988)
 * Audio R@10 0.007 Image R@10 0.008 over 1000 validation pairs
 * Audio R@5 0.003 Image R@5 0.005 over 1000 validation pairs
 * Audio R@1 0.000 Image R@1 0.001 over 1000 validation pairs
Epoch: [15][0/900]	Time 20.326 (3.610)	Data 16.596 (0.021)	Loss total 2.0148 (1.9987)
Epoch: [15][100/900]	Time 3.552 (3.610)	Data 0.000 (0.021)	Loss total 2.0359 (1.9987)
Epoch: [15][200/900]	Time 3.568 (3.610)	Data 0.000 (0.021)	Loss total 1.9638 (1.9987)
Epoch: [15][300/900]	Time 3.550 (3.609)	Data 0.001 (0.020)	Loss total 2.0153 (1.9987)
Epoch: [15][400/900]	Time 3.565 (3.609)	Data 0.000 (0.020)	Loss total 2.0266 (1.9987)
Epoch: [15][500/900]	Time 3.582 (3.609)	Data 0.000 (0.020)	Loss total 2.0311 (1.9987)
Epoch: [15][600/900]	Time 3.553 (3.609)	Data 0.000 (0.020)	Loss total 1.9810 (1.9986)
Epoch: [15][700/900]	Time 3.583 (3.608)	Data 0.000 (0.020)	Loss total 2.0057 (1.9986)
Epoch: [15][800/900]	Time 3.555 (3.608)	Data 0.000 (0.020)	Loss total 2.0042 (1.9986)
 * Audio R@10 0.007 Image R@10 0.009 over 1000 validation pairs
 * Audio R@5 0.004 Image R@5 0.005 over 1000 validation pairs
 * Audio R@1 0.000 Image R@1 0.001 over 1000 validation pairs
Epoch: [16][0/900]	Time 20.988 (3.609)	Data 17.114 (0.021)	Loss total 1.9789 (1.9986)
Epoch: [16][100/900]	Time 3.559 (3.609)	Data 0.000 (0.021)	Loss total 2.0168 (1.9985)
Epoch: [16][200/900]	Time 3.573 (3.609)	Data 0.000 (0.021)	Loss total 2.0285 (1.9985)
Epoch: [16][300/900]	Time 3.587 (3.609)	Data 0.000 (0.020)	Loss total 1.9805 (1.9985)
Epoch: [16][400/900]	Time 3.592 (3.608)	Data 0.000 (0.020)	Loss total 2.0014 (1.9985)
Epoch: [16][500/900]	Time 3.576 (3.608)	Data 0.000 (0.020)	Loss total 2.0253 (1.9984)
Epoch: [16][600/900]	Time 3.589 (3.608)	Data 0.000 (0.020)	Loss total 2.0314 (1.9984)
Epoch: [16][700/900]	Time 3.588 (3.608)	Data 0.000 (0.020)	Loss total 2.0025 (1.9984)
Epoch: [16][800/900]	Time 3.592 (3.607)	Data 0.000 (0.020)	Loss total 2.0213 (1.9984)
 * Audio R@10 0.007 Image R@10 0.009 over 1000 validation pairs
 * Audio R@5 0.003 Image R@5 0.005 over 1000 validation pairs
 * Audio R@1 0.000 Image R@1 0.001 over 1000 validation pairs
Epoch: [17][0/900]	Time 21.823 (3.608)	Data 18.086 (0.021)	Loss total 2.0044 (1.9984)
Epoch: [17][100/900]	Time 3.618 (3.608)	Data 0.000 (0.021)	Loss total 1.9585 (1.9984)
Epoch: [17][200/900]	Time 3.607 (3.608)	Data 0.000 (0.021)	Loss total 1.9649 (1.9984)
Epoch: [17][300/900]	Time 3.576 (3.608)	Data 0.000 (0.020)	Loss total 1.9682 (1.9984)
Epoch: [17][400/900]	Time 3.593 (3.608)	Data 0.000 (0.020)	Loss total 1.9805 (1.9984)
Epoch: [17][500/900]	Time 3.583 (3.607)	Data 0.000 (0.020)	Loss total 1.9800 (1.9984)
Epoch: [17][600/900]	Time 3.599 (3.607)	Data 0.000 (0.020)	Loss total 2.0380 (1.9983)
Epoch: [17][700/900]	Time 3.600 (3.607)	Data 0.000 (0.020)	Loss total 2.0194 (1.9983)
Epoch: [17][800/900]	Time 3.583 (3.607)	Data 0.000 (0.020)	Loss total 1.9857 (1.9983)
 * Audio R@10 0.007 Image R@10 0.008 over 1000 validation pairs
 * Audio R@5 0.003 Image R@5 0.005 over 1000 validation pairs
 * Audio R@1 0.000 Image R@1 0.001 over 1000 validation pairs
Epoch: [18][0/900]	Time 22.151 (3.608)	Data 18.279 (0.021)	Loss total 1.9552 (1.9983)
Epoch: [18][100/900]	Time 3.585 (3.608)	Data 0.000 (0.021)	Loss total 2.0433 (1.9983)
Epoch: [18][200/900]	Time 3.534 (3.608)	Data 0.000 (0.021)	Loss total 2.0155 (1.9983)
Epoch: [18][300/900]	Time 3.619 (3.607)	Data 0.000 (0.020)	Loss total 1.9751 (1.9983)
Epoch: [18][400/900]	Time 3.613 (3.608)	Data 0.000 (0.020)	Loss total 1.9754 (1.9982)
Epoch: [18][500/900]	Time 3.610 (3.608)	Data 0.000 (0.020)	Loss total 1.9765 (1.9982)
Epoch: [18][600/900]	Time 3.611 (3.608)	Data 0.000 (0.020)	Loss total 2.0130 (1.9982)
Epoch: [18][700/900]	Time 3.611 (3.608)	Data 0.000 (0.020)	Loss total 2.0129 (1.9982)
Epoch: [18][800/900]	Time 3.622 (3.608)	Data 0.000 (0.020)	Loss total 2.0284 (1.9982)
 * Audio R@10 0.007 Image R@10 0.008 over 1000 validation pairs
 * Audio R@5 0.003 Image R@5 0.005 over 1000 validation pairs
 * Audio R@1 0.000 Image R@1 0.001 over 1000 validation pairs
Epoch: [19][0/900]	Time 20.699 (3.609)	Data 16.821 (0.021)	Loss total 1.9910 (1.9981)
Epoch: [19][100/900]	Time 3.619 (3.609)	Data 0.000 (0.021)	Loss total 2.0356 (1.9981)
Epoch: [19][200/900]	Time 3.639 (3.609)	Data 0.000 (0.020)	Loss total 2.0134 (1.9981)
Epoch: [19][300/900]	Time 3.601 (3.609)	Data 0.000 (0.020)	Loss total 1.9805 (1.9981)
Epoch: [19][400/900]	Time 3.624 (3.609)	Data 0.000 (0.020)	Loss total 2.0250 (1.9981)
Epoch: [19][500/900]	Time 3.604 (3.609)	Data 0.000 (0.020)	Loss total 2.0272 (1.9981)
Epoch: [19][600/900]	Time 3.641 (3.609)	Data 0.000 (0.020)	Loss total 1.9913 (1.9981)
Epoch: [19][700/900]	Time 3.594 (3.609)	Data 0.000 (0.020)	Loss total 2.0277 (1.9981)
Epoch: [19][800/900]	Time 3.641 (3.609)	Data 0.000 (0.020)	Loss total 1.9595 (1.9980)
 * Audio R@10 0.007 Image R@10 0.008 over 1000 validation pairs
 * Audio R@5 0.003 Image R@5 0.005 over 1000 validation pairs
 * Audio R@1 0.000 Image R@1 0.001 over 1000 validation pairs
Epoch: [20][0/900]	Time 20.395 (3.610)	Data 16.436 (0.021)	Loss total 2.0068 (1.9980)
Epoch: [20][100/900]	Time 3.631 (3.610)	Data 0.000 (0.020)	Loss total 1.9611 (1.9980)
Epoch: [20][200/900]	Time 3.603 (3.610)	Data 0.000 (0.020)	Loss total 1.9928 (1.9980)
Epoch: [20][300/900]	Time 3.605 (3.610)	Data 0.000 (0.020)	Loss total 2.0302 (1.9980)
Epoch: [20][400/900]	Time 3.614 (3.610)	Data 0.001 (0.020)	Loss total 2.0061 (1.9980)
Epoch: [20][500/900]	Time 3.600 (3.610)	Data 0.000 (0.020)	Loss total 2.0413 (1.9980)
Epoch: [20][600/900]	Time 3.579 (3.610)	Data 0.000 (0.020)	Loss total 1.9640 (1.9980)
Epoch: [20][700/900]	Time 3.596 (3.610)	Data 0.000 (0.020)	Loss total 1.9843 (1.9980)
Epoch: [20][800/900]	Time 3.622 (3.610)	Data 0.000 (0.020)	Loss total 1.9617 (1.9980)
 * Audio R@10 0.007 Image R@10 0.008 over 1000 validation pairs
 * Audio R@5 0.003 Image R@5 0.005 over 1000 validation pairs
 * Audio R@1 0.000 Image R@1 0.001 over 1000 validation pairs
Epoch: [21][0/900]	Time 20.615 (3.611)	Data 16.672 (0.020)	Loss total 1.9828 (1.9980)
Epoch: [21][100/900]	Time 3.613 (3.611)	Data 0.000 (0.020)	Loss total 1.9657 (1.9980)
Epoch: [21][200/900]	Time 3.611 (3.611)	Data 0.000 (0.020)	Loss total 2.0245 (1.9979)
Epoch: [21][300/900]	Time 3.641 (3.611)	Data 0.000 (0.020)	Loss total 1.9738 (1.9979)
Epoch: [21][400/900]	Time 3.643 (3.611)	Data 0.001 (0.020)	Loss total 2.0246 (1.9979)
Epoch: [21][500/900]	Time 3.623 (3.611)	Data 0.000 (0.020)	Loss total 2.0048 (1.9979)
Epoch: [21][600/900]	Time 3.616 (3.611)	Data 0.000 (0.020)	Loss total 2.0226 (1.9979)
Epoch: [21][700/900]	Time 3.625 (3.611)	Data 0.000 (0.020)	Loss total 2.0198 (1.9979)
Epoch: [21][800/900]	Time 3.595 (3.611)	Data 0.000 (0.020)	Loss total 2.0028 (1.9979)
 * Audio R@10 0.007 Image R@10 0.008 over 1000 validation pairs
 * Audio R@5 0.003 Image R@5 0.005 over 1000 validation pairs
 * Audio R@1 0.000 Image R@1 0.001 over 1000 validation pairs
Epoch: [22][0/900]	Time 22.149 (3.612)	Data 18.381 (0.020)	Loss total 2.0023 (1.9979)
Epoch: [22][100/900]	Time 3.607 (3.612)	Data 0.000 (0.020)	Loss total 2.0241 (1.9979)
Epoch: [22][200/900]	Time 3.605 (3.612)	Data 0.000 (0.020)	Loss total 2.0133 (1.9978)
Epoch: [22][300/900]	Time 3.625 (3.612)	Data 0.000 (0.020)	Loss total 2.0208 (1.9978)
Epoch: [22][400/900]	Time 3.595 (3.612)	Data 0.000 (0.020)	Loss total 1.9876 (1.9978)
Epoch: [22][500/900]	Time 3.603 (3.612)	Data 0.000 (0.020)	Loss total 2.0153 (1.9978)
Epoch: [22][600/900]	Time 3.625 (3.612)	Data 0.000 (0.020)	Loss total 2.0051 (1.9978)
Epoch: [22][700/900]	Time 3.623 (3.612)	Data 0.000 (0.020)	Loss total 1.9643 (1.9977)
Epoch: [22][800/900]	Time 3.583 (3.612)	Data 0.000 (0.020)	Loss total 1.9782 (1.9977)
 * Audio R@10 0.007 Image R@10 0.008 over 1000 validation pairs
 * Audio R@5 0.003 Image R@5 0.005 over 1000 validation pairs
 * Audio R@1 0.000 Image R@1 0.001 over 1000 validation pairs
Epoch: [23][0/900]	Time 22.002 (3.613)	Data 18.180 (0.020)	Loss total 1.9962 (1.9977)
Epoch: [23][100/900]	Time 3.612 (3.613)	Data 0.001 (0.020)	Loss total 2.0096 (1.9977)
Epoch: [23][200/900]	Time 3.632 (3.613)	Data 0.000 (0.020)	Loss total 2.0195 (1.9977)
Epoch: [23][300/900]	Time 3.577 (3.613)	Data 0.000 (0.020)	Loss total 2.0169 (1.9977)
Epoch: [23][400/900]	Time 3.620 (3.613)	Data 0.000 (0.020)	Loss total 1.9777 (1.9977)
Epoch: [23][500/900]	Time 3.581 (3.613)	Data 0.000 (0.020)	Loss total 2.0277 (1.9977)
Epoch: [23][600/900]	Time 3.580 (3.613)	Data 0.000 (0.020)	Loss total 1.9911 (1.9977)
Epoch: [23][700/900]	Time 3.570 (3.613)	Data 0.000 (0.020)	Loss total 2.0088 (1.9977)
Epoch: [23][800/900]	Time 3.578 (3.613)	Data 0.000 (0.020)	Loss total 1.9608 (1.9976)
 * Audio R@10 0.007 Image R@10 0.008 over 1000 validation pairs
 * Audio R@5 0.003 Image R@5 0.005 over 1000 validation pairs
 * Audio R@1 0.000 Image R@1 0.001 over 1000 validation pairs
Epoch: [24][0/900]	Time 19.635 (3.613)	Data 15.878 (0.020)	Loss total 1.9925 (1.9976)
Epoch: [24][100/900]	Time 3.592 (3.613)	Data 0.000 (0.020)	Loss total 2.0008 (1.9976)
Epoch: [24][200/900]	Time 3.575 (3.613)	Data 0.000 (0.020)	Loss total 2.0031 (1.9976)
Epoch: [24][300/900]	Time 3.581 (3.613)	Data 0.000 (0.020)	Loss total 2.0591 (1.9975)
Epoch: [24][400/900]	Time 3.592 (3.613)	Data 0.000 (0.020)	Loss total 2.0008 (1.9975)
Epoch: [24][500/900]	Time 3.572 (3.612)	Data 0.000 (0.020)	Loss total 1.9672 (1.9975)
Epoch: [24][600/900]	Time 3.608 (3.612)	Data 0.000 (0.020)	Loss total 2.0217 (1.9975)
Epoch: [24][700/900]	Time 3.553 (3.612)	Data 0.000 (0.020)	Loss total 1.9960 (1.9975)
Epoch: [24][800/900]	Time 3.568 (3.612)	Data 0.000 (0.020)	Loss total 2.0093 (1.9975)
 * Audio R@10 0.007 Image R@10 0.008 over 1000 validation pairs
 * Audio R@5 0.003 Image R@5 0.004 over 1000 validation pairs
 * Audio R@1 0.000 Image R@1 0.001 over 1000 validation pairs
Epoch: [25][0/900]	Time 22.550 (3.613)	Data 18.654 (0.020)	Loss total 1.9642 (1.9975)
Epoch: [25][100/900]	Time 3.588 (3.613)	Data 0.000 (0.020)	Loss total 2.0006 (1.9975)
Epoch: [25][200/900]	Time 3.549 (3.612)	Data 0.000 (0.020)	Loss total 2.0279 (1.9975)
Epoch: [25][300/900]	Time 3.561 (3.612)	Data 0.000 (0.020)	Loss total 1.9384 (1.9975)
Epoch: [25][400/900]	Time 3.578 (3.612)	Data 0.000 (0.020)	Loss total 1.9939 (1.9975)
Epoch: [25][500/900]	Time 3.568 (3.612)	Data 0.000 (0.020)	Loss total 1.9999 (1.9974)
Epoch: [25][600/900]	Time 3.592 (3.612)	Data 0.000 (0.020)	Loss total 1.9875 (1.9974)
Epoch: [25][700/900]	Time 3.558 (3.612)	Data 0.000 (0.020)	Loss total 2.0016 (1.9974)
Epoch: [25][800/900]	Time 3.589 (3.611)	Data 0.000 (0.020)	Loss total 1.9585 (1.9974)
 * Audio R@10 0.007 Image R@10 0.008 over 1000 validation pairs
 * Audio R@5 0.003 Image R@5 0.005 over 1000 validation pairs
 * Audio R@1 0.000 Image R@1 0.001 over 1000 validation pairs
Epoch: [26][0/900]	Time 21.837 (3.612)	Data 17.970 (0.020)	Loss total 1.9744 (1.9974)
Epoch: [26][100/900]	Time 3.574 (3.612)	Data 0.000 (0.020)	Loss total 1.9859 (1.9974)
Epoch: [26][200/900]	Time 3.590 (3.612)	Data 0.000 (0.020)	Loss total 1.9892 (1.9974)
Epoch: [26][300/900]	Time 3.560 (3.612)	Data 0.000 (0.020)	Loss total 1.9723 (1.9974)
Epoch: [26][400/900]	Time 3.581 (3.611)	Data 0.000 (0.020)	Loss total 1.9283 (1.9974)
Epoch: [26][500/900]	Time 3.553 (3.611)	Data 0.000 (0.020)	Loss total 1.9597 (1.9974)
Epoch: [26][600/900]	Time 3.575 (3.611)	Data 0.000 (0.020)	Loss total 2.0266 (1.9973)
Epoch: [26][700/900]	Time 3.572 (3.611)	Data 0.000 (0.020)	Loss total 1.9712 (1.9973)
Epoch: [26][800/900]	Time 3.610 (3.611)	Data 0.000 (0.020)	Loss total 1.9571 (1.9973)
 * Audio R@10 0.007 Image R@10 0.008 over 1000 validation pairs
 * Audio R@5 0.003 Image R@5 0.005 over 1000 validation pairs
 * Audio R@1 0.000 Image R@1 0.001 over 1000 validation pairs
Epoch: [27][0/900]	Time 21.291 (3.611)	Data 17.375 (0.020)	Loss total 2.0186 (1.9973)
Epoch: [27][100/900]	Time 3.573 (3.611)	Data 0.001 (0.020)	Loss total 1.9975 (1.9973)
Epoch: [27][200/900]	Time 3.612 (3.611)	Data 0.000 (0.020)	Loss total 1.9939 (1.9973)
Epoch: [27][300/900]	Time 3.591 (3.611)	Data 0.000 (0.020)	Loss total 1.9778 (1.9973)
Epoch: [27][400/900]	Time 3.573 (3.611)	Data 0.000 (0.020)	Loss total 1.9885 (1.9973)
Epoch: [27][500/900]	Time 3.623 (3.611)	Data 0.000 (0.020)	Loss total 2.0021 (1.9973)
Epoch: [27][600/900]	Time 3.657 (3.611)	Data 0.000 (0.020)	Loss total 1.9599 (1.9973)
Epoch: [27][700/900]	Time 3.588 (3.611)	Data 0.000 (0.020)	Loss total 2.0002 (1.9973)
Epoch: [27][800/900]	Time 3.604 (3.611)	Data 0.002 (0.020)	Loss total 1.9667 (1.9973)
 * Audio R@10 0.007 Image R@10 0.008 over 1000 validation pairs
 * Audio R@5 0.003 Image R@5 0.005 over 1000 validation pairs
 * Audio R@1 0.000 Image R@1 0.001 over 1000 validation pairs
Epoch: [28][0/900]	Time 22.291 (3.612)	Data 18.475 (0.020)	Loss total 1.9900 (1.9973)
Epoch: [28][100/900]	Time 3.597 (3.611)	Data 0.000 (0.020)	Loss total 1.9725 (1.9973)
Epoch: [28][200/900]	Time 3.600 (3.611)	Data 0.000 (0.020)	Loss total 2.0090 (1.9972)
Epoch: [28][300/900]	Time 3.563 (3.611)	Data 0.000 (0.020)	Loss total 1.9966 (1.9972)
Epoch: [28][400/900]	Time 3.586 (3.611)	Data 0.000 (0.020)	Loss total 1.9734 (1.9972)
Epoch: [28][500/900]	Time 3.566 (3.611)	Data 0.000 (0.020)	Loss total 1.9459 (1.9972)
Epoch: [28][600/900]	Time 3.568 (3.611)	Data 0.000 (0.020)	Loss total 1.9987 (1.9973)
Epoch: [28][700/900]	Time 3.561 (3.611)	Data 0.000 (0.020)	Loss total 1.9799 (1.9972)
Epoch: [28][800/900]	Time 3.622 (3.611)	Data 0.000 (0.020)	Loss total 2.0030 (1.9972)
 * Audio R@10 0.007 Image R@10 0.008 over 1000 validation pairs
 * Audio R@5 0.003 Image R@5 0.005 over 1000 validation pairs
 * Audio R@1 0.000 Image R@1 0.001 over 1000 validation pairs
Epoch: [29][0/900]	Time 21.069 (3.611)	Data 17.316 (0.020)	Loss total 1.9856 (1.9972)
Epoch: [29][100/900]	Time 3.558 (3.611)	Data 0.000 (0.020)	Loss total 1.9778 (1.9972)
Epoch: [29][200/900]	Time 3.560 (3.611)	Data 0.000 (0.020)	Loss total 1.9875 (1.9972)
Epoch: [29][300/900]	Time 3.547 (3.611)	Data 0.000 (0.020)	Loss total 1.9940 (1.9972)
Epoch: [29][400/900]	Time 3.580 (3.611)	Data 0.000 (0.020)	Loss total 1.9698 (1.9972)
Epoch: [29][500/900]	Time 3.589 (3.610)	Data 0.000 (0.020)	Loss total 1.9883 (1.9972)
Epoch: [29][600/900]	Time 3.557 (3.610)	Data 0.000 (0.020)	Loss total 2.0169 (1.9972)
Epoch: [29][700/900]	Time 3.550 (3.610)	Data 0.000 (0.020)	Loss total 1.9388 (1.9972)
Epoch: [29][800/900]	Time 3.564 (3.610)	Data 0.000 (0.020)	Loss total 1.9986 (1.9972)
 * Audio R@10 0.007 Image R@10 0.008 over 1000 validation pairs
 * Audio R@5 0.003 Image R@5 0.005 over 1000 validation pairs
 * Audio R@1 0.000 Image R@1 0.001 over 1000 validation pairs
Epoch: [30][0/900]	Time 21.094 (3.611)	Data 17.354 (0.020)	Loss total 1.9748 (1.9972)
Epoch: [30][100/900]	Time 3.582 (3.611)	Data 0.000 (0.020)	Loss total 1.9569 (1.9972)
Epoch: [30][200/900]	Time 3.663 (3.611)	Data 0.000 (0.020)	Loss total 1.9423 (1.9972)
Epoch: [30][300/900]	Time 3.591 (3.610)	Data 0.000 (0.020)	Loss total 2.0093 (1.9972)
Epoch: [30][400/900]	Time 3.587 (3.610)	Data 0.000 (0.020)	Loss total 2.0263 (1.9972)
Epoch: [30][500/900]	Time 3.582 (3.610)	Data 0.000 (0.020)	Loss total 1.9554 (1.9972)
Epoch: [30][600/900]	Time 3.565 (3.610)	Data 0.000 (0.020)	Loss total 1.9984 (1.9972)
Epoch: [30][700/900]	Time 3.559 (3.610)	Data 0.000 (0.020)	Loss total 1.9603 (1.9972)
Epoch: [30][800/900]	Time 3.576 (3.610)	Data 0.000 (0.020)	Loss total 1.9949 (1.9972)
 * Audio R@10 0.006 Image R@10 0.008 over 1000 validation pairs
 * Audio R@5 0.003 Image R@5 0.005 over 1000 validation pairs
 * Audio R@1 0.000 Image R@1 0.001 over 1000 validation pairs
Epoch: [31][0/900]	Time 21.326 (3.611)	Data 17.573 (0.020)	Loss total 2.0161 (1.9972)
Epoch: [31][100/900]	Time 3.576 (3.610)	Data 0.000 (0.020)	Loss total 1.9663 (1.9971)
Epoch: [31][200/900]	Time 3.595 (3.610)	Data 0.000 (0.020)	Loss total 2.0319 (1.9971)
Epoch: [31][300/900]	Time 3.576 (3.610)	Data 0.000 (0.020)	Loss total 1.9857 (1.9971)
Epoch: [31][400/900]	Time 3.675 (3.610)	Data 0.000 (0.020)	Loss total 2.0266 (1.9971)
Epoch: [31][500/900]	Time 3.599 (3.610)	Data 0.001 (0.020)	Loss total 1.9753 (1.9971)
Epoch: [31][600/900]	Time 3.581 (3.610)	Data 0.000 (0.020)	Loss total 2.0201 (1.9971)
Epoch: [31][700/900]	Time 3.549 (3.610)	Data 0.000 (0.020)	Loss total 1.9738 (1.9971)
Epoch: [31][800/900]	Time 3.581 (3.610)	Data 0.000 (0.020)	Loss total 1.9773 (1.9971)
 * Audio R@10 0.006 Image R@10 0.008 over 1000 validation pairs
 * Audio R@5 0.003 Image R@5 0.005 over 1000 validation pairs
 * Audio R@1 0.000 Image R@1 0.001 over 1000 validation pairs
Epoch: [32][0/900]	Time 20.232 (3.610)	Data 16.443 (0.020)	Loss total 1.9897 (1.9971)
Epoch: [32][100/900]	Time 3.589 (3.610)	Data 0.000 (0.020)	Loss total 1.9768 (1.9971)
Epoch: [32][200/900]	Time 3.604 (3.610)	Data 0.000 (0.020)	Loss total 2.0025 (1.9971)
Epoch: [32][300/900]	Time 3.578 (3.610)	Data 0.000 (0.020)	Loss total 1.9493 (1.9970)
Epoch: [32][400/900]	Time 3.551 (3.610)	Data 0.000 (0.020)	Loss total 1.9899 (1.9970)
Epoch: [32][500/900]	Time 3.592 (3.610)	Data 0.000 (0.020)	Loss total 2.0363 (1.9970)
Epoch: [32][600/900]	Time 3.599 (3.610)	Data 0.000 (0.020)	Loss total 1.9968 (1.9970)
Epoch: [32][700/900]	Time 3.587 (3.609)	Data 0.000 (0.020)	Loss total 1.9750 (1.9970)
Epoch: [32][800/900]	Time 3.554 (3.609)	Data 0.000 (0.020)	Loss total 1.9547 (1.9970)
 * Audio R@10 0.006 Image R@10 0.008 over 1000 validation pairs
 * Audio R@5 0.003 Image R@5 0.005 over 1000 validation pairs
 * Audio R@1 0.000 Image R@1 0.001 over 1000 validation pairs
Epoch: [33][0/900]	Time 21.407 (3.610)	Data 17.611 (0.020)	Loss total 1.9941 (1.9970)
Epoch: [33][100/900]	Time 3.636 (3.610)	Data 0.000 (0.020)	Loss total 1.9956 (1.9970)
Epoch: [33][200/900]	Time 3.569 (3.610)	Data 0.000 (0.020)	Loss total 1.9369 (1.9969)
Epoch: [33][300/900]	Time 3.574 (3.610)	Data 0.000 (0.020)	Loss total 1.9859 (1.9969)
Epoch: [33][400/900]	Time 3.591 (3.610)	Data 0.001 (0.020)	Loss total 2.0071 (1.9969)
Epoch: [33][500/900]	Time 3.587 (3.609)	Data 0.000 (0.020)	Loss total 1.9672 (1.9969)
Epoch: [33][600/900]	Time 3.550 (3.609)	Data 0.000 (0.020)	Loss total 1.9978 (1.9969)
Epoch: [33][700/900]	Time 3.593 (3.609)	Data 0.000 (0.020)	Loss total 1.9772 (1.9969)
Epoch: [33][800/900]	Time 3.579 (3.609)	Data 0.000 (0.020)	Loss total 1.9947 (1.9969)
 * Audio R@10 0.006 Image R@10 0.008 over 1000 validation pairs
 * Audio R@5 0.003 Image R@5 0.005 over 1000 validation pairs
 * Audio R@1 0.000 Image R@1 0.001 over 1000 validation pairs
Epoch: [34][0/900]	Time 21.900 (3.610)	Data 18.125 (0.020)	Loss total 1.9874 (1.9969)
Epoch: [34][100/900]	Time 3.601 (3.610)	Data 0.000 (0.020)	Loss total 1.9871 (1.9968)
Epoch: [34][200/900]	Time 3.547 (3.609)	Data 0.000 (0.020)	Loss total 1.9543 (1.9968)
Epoch: [34][300/900]	Time 3.586 (3.609)	Data 0.000 (0.020)	Loss total 1.9854 (1.9968)
Epoch: [34][400/900]	Time 3.586 (3.609)	Data 0.000 (0.020)	Loss total 1.9955 (1.9968)
Epoch: [34][500/900]	Time 3.580 (3.609)	Data 0.000 (0.020)	Loss total 2.0181 (1.9968)
Epoch: [34][600/900]	Time 3.662 (3.609)	Data 0.000 (0.020)	Loss total 1.9771 (1.9968)
Epoch: [34][700/900]	Time 3.600 (3.609)	Data 0.001 (0.020)	Loss total 2.0092 (1.9968)
Epoch: [34][800/900]	Time 3.575 (3.609)	Data 0.000 (0.020)	Loss total 1.9820 (1.9968)
 * Audio R@10 0.006 Image R@10 0.008 over 1000 validation pairs
 * Audio R@5 0.003 Image R@5 0.005 over 1000 validation pairs
 * Audio R@1 0.000 Image R@1 0.001 over 1000 validation pairs
Epoch: [35][0/900]	Time 22.300 (3.609)	Data 18.546 (0.020)	Loss total 2.0072 (1.9968)
Epoch: [35][100/900]	Time 3.572 (3.609)	Data 0.000 (0.020)	Loss total 2.0409 (1.9968)
Epoch: [35][200/900]	Time 3.582 (3.609)	Data 0.000 (0.020)	Loss total 2.0581 (1.9968)
Epoch: [35][300/900]	Time 3.573 (3.609)	Data 0.001 (0.020)	Loss total 2.0090 (1.9968)
Epoch: [35][400/900]	Time 3.575 (3.609)	Data 0.000 (0.020)	Loss total 2.0019 (1.9968)
Epoch: [35][500/900]	Time 3.580 (3.609)	Data 0.000 (0.020)	Loss total 2.0641 (1.9968)
Epoch: [35][600/900]	Time 3.542 (3.609)	Data 0.000 (0.020)	Loss total 2.0414 (1.9968)
Epoch: [35][700/900]	Time 3.587 (3.609)	Data 0.000 (0.020)	Loss total 1.9292 (1.9968)
Epoch: [35][800/900]	Time 3.577 (3.609)	Data 0.000 (0.020)	Loss total 1.9969 (1.9968)
 * Audio R@10 0.006 Image R@10 0.008 over 1000 validation pairs
 * Audio R@5 0.003 Image R@5 0.005 over 1000 validation pairs
 * Audio R@1 0.000 Image R@1 0.001 over 1000 validation pairs
Epoch: [36][0/900]	Time 21.100 (3.609)	Data 17.296 (0.020)	Loss total 2.0007 (1.9968)
Epoch: [36][100/900]	Time 3.580 (3.609)	Data 0.000 (0.020)	Loss total 2.0000 (1.9968)
Epoch: [36][200/900]	Time 3.573 (3.609)	Data 0.000 (0.020)	Loss total 1.9716 (1.9968)
Epoch: [36][300/900]	Time 3.602 (3.609)	Data 0.000 (0.020)	Loss total 1.9673 (1.9968)
Epoch: [36][400/900]	Time 3.593 (3.609)	Data 0.000 (0.020)	Loss total 1.9958 (1.9968)
Epoch: [36][500/900]	Time 3.575 (3.609)	Data 0.000 (0.020)	Loss total 2.0046 (1.9968)
Epoch: [36][600/900]	Time 3.578 (3.609)	Data 0.000 (0.020)	Loss total 1.9903 (1.9967)
Epoch: [36][700/900]	Time 3.566 (3.609)	Data 0.000 (0.020)	Loss total 1.9945 (1.9967)
Epoch: [36][800/900]	Time 3.605 (3.608)	Data 0.000 (0.020)	Loss total 2.0584 (1.9967)
 * Audio R@10 0.006 Image R@10 0.008 over 1000 validation pairs
 * Audio R@5 0.003 Image R@5 0.005 over 1000 validation pairs
 * Audio R@1 0.000 Image R@1 0.001 over 1000 validation pairs
Epoch: [37][0/900]	Time 21.306 (3.609)	Data 17.504 (0.020)	Loss total 2.0534 (1.9967)
Epoch: [37][100/900]	Time 3.611 (3.609)	Data 0.000 (0.020)	Loss total 1.9986 (1.9967)
Epoch: [37][200/900]	Time 3.595 (3.609)	Data 0.000 (0.020)	Loss total 1.9889 (1.9967)
Epoch: [37][300/900]	Time 3.575 (3.609)	Data 0.000 (0.020)	Loss total 1.9691 (1.9967)
Epoch: [37][400/900]	Time 3.556 (3.609)	Data 0.000 (0.020)	Loss total 2.0113 (1.9967)
Epoch: [37][500/900]	Time 3.626 (3.609)	Data 0.000 (0.020)	Loss total 2.0427 (1.9967)
Epoch: [37][600/900]	Time 3.600 (3.609)	Data 0.000 (0.020)	Loss total 2.0082 (1.9967)
Epoch: [37][700/900]	Time 3.588 (3.608)	Data 0.000 (0.020)	Loss total 1.9723 (1.9967)
Epoch: [37][800/900]	Time 3.566 (3.608)	Data 0.000 (0.020)	Loss total 1.9904 (1.9967)
 * Audio R@10 0.006 Image R@10 0.008 over 1000 validation pairs
 * Audio R@5 0.003 Image R@5 0.005 over 1000 validation pairs
 * Audio R@1 0.000 Image R@1 0.001 over 1000 validation pairs
Epoch: [38][0/900]	Time 20.034 (3.609)	Data 16.208 (0.020)	Loss total 2.0110 (1.9967)
Epoch: [38][100/900]	Time 3.573 (3.609)	Data 0.000 (0.020)	Loss total 1.9877 (1.9967)
Epoch: [38][200/900]	Time 3.576 (3.609)	Data 0.000 (0.020)	Loss total 1.9566 (1.9967)
Epoch: [38][300/900]	Time 3.584 (3.609)	Data 0.000 (0.020)	Loss total 1.9738 (1.9967)
Epoch: [38][400/900]	Time 3.587 (3.608)	Data 0.000 (0.020)	Loss total 1.9820 (1.9967)
Epoch: [38][500/900]	Time 3.588 (3.608)	Data 0.000 (0.020)	Loss total 1.9731 (1.9967)
Epoch: [38][600/900]	Time 3.591 (3.608)	Data 0.000 (0.020)	Loss total 2.0442 (1.9967)
Epoch: [38][700/900]	Time 3.598 (3.608)	Data 0.001 (0.020)	Loss total 2.0307 (1.9967)
Epoch: [38][800/900]	Time 3.582 (3.608)	Data 0.000 (0.020)	Loss total 2.0023 (1.9967)
 * Audio R@10 0.006 Image R@10 0.008 over 1000 validation pairs
 * Audio R@5 0.003 Image R@5 0.005 over 1000 validation pairs
 * Audio R@1 0.000 Image R@1 0.001 over 1000 validation pairs
Epoch: [39][0/900]	Time 20.918 (3.609)	Data 17.112 (0.020)	Loss total 1.9367 (1.9967)
Epoch: [39][100/900]	Time 3.588 (3.608)	Data 0.000 (0.020)	Loss total 2.0124 (1.9967)
Epoch: [39][200/900]	Time 3.570 (3.608)	Data 0.000 (0.020)	Loss total 2.0086 (1.9966)
Epoch: [39][300/900]	Time 3.611 (3.608)	Data 0.000 (0.020)	Loss total 2.0010 (1.9966)
Epoch: [39][400/900]	Time 3.572 (3.608)	Data 0.000 (0.020)	Loss total 2.0037 (1.9966)
Epoch: [39][500/900]	Time 3.563 (3.608)	Data 0.000 (0.020)	Loss total 1.9996 (1.9966)
Epoch: [39][600/900]	Time 3.578 (3.608)	Data 0.000 (0.020)	Loss total 2.0248 (1.9966)
Epoch: [39][700/900]	Time 3.556 (3.608)	Data 0.000 (0.020)	Loss total 1.9921 (1.9966)
Epoch: [39][800/900]	Time 3.582 (3.608)	Data 0.000 (0.020)	Loss total 2.0005 (1.9966)
 * Audio R@10 0.006 Image R@10 0.008 over 1000 validation pairs
 * Audio R@5 0.003 Image R@5 0.005 over 1000 validation pairs
 * Audio R@1 0.000 Image R@1 0.001 over 1000 validation pairs
Epoch: [40][0/900]	Time 21.301 (3.608)	Data 17.570 (0.020)	Loss total 2.0044 (1.9966)
Epoch: [40][100/900]	Time 3.580 (3.608)	Data 0.000 (0.020)	Loss total 1.9560 (1.9966)
Epoch: [40][200/900]	Time 3.586 (3.608)	Data 0.000 (0.020)	Loss total 1.9692 (1.9966)
Epoch: [40][300/900]	Time 3.572 (3.608)	Data 0.000 (0.020)	Loss total 1.9687 (1.9966)
Epoch: [40][400/900]	Time 3.580 (3.608)	Data 0.000 (0.020)	Loss total 1.9795 (1.9966)
Epoch: [40][500/900]	Time 3.601 (3.608)	Data 0.000 (0.020)	Loss total 1.9813 (1.9966)
Epoch: [40][600/900]	Time 3.587 (3.608)	Data 0.000 (0.020)	Loss total 2.0434 (1.9966)
Epoch: [40][700/900]	Time 3.562 (3.608)	Data 0.000 (0.020)	Loss total 1.9722 (1.9966)
Epoch: [40][800/900]	Time 3.573 (3.608)	Data 0.002 (0.020)	Loss total 2.0012 (1.9966)
 * Audio R@10 0.006 Image R@10 0.008 over 1000 validation pairs
 * Audio R@5 0.003 Image R@5 0.005 over 1000 validation pairs
 * Audio R@1 0.000 Image R@1 0.001 over 1000 validation pairs
Epoch: [41][0/900]	Time 19.972 (3.608)	Data 16.240 (0.020)	Loss total 2.0265 (1.9966)
Epoch: [41][100/900]	Time 3.588 (3.608)	Data 0.000 (0.020)	Loss total 1.9870 (1.9966)
Epoch: [41][200/900]	Time 3.537 (3.608)	Data 0.000 (0.020)	Loss total 1.9778 (1.9966)
Epoch: [41][300/900]	Time 3.577 (3.608)	Data 0.000 (0.020)	Loss total 1.9847 (1.9966)
Epoch: [41][400/900]	Time 3.583 (3.608)	Data 0.000 (0.020)	Loss total 1.9406 (1.9966)
Epoch: [41][500/900]	Time 3.560 (3.608)	Data 0.000 (0.020)	Loss total 1.9823 (1.9966)
Epoch: [41][600/900]	Time 3.606 (3.607)	Data 0.000 (0.020)	Loss total 1.9945 (1.9966)
Epoch: [41][700/900]	Time 3.570 (3.607)	Data 0.000 (0.020)	Loss total 2.0274 (1.9966)
Epoch: [41][800/900]	Time 3.574 (3.607)	Data 0.000 (0.020)	Loss total 2.0334 (1.9966)
 * Audio R@10 0.006 Image R@10 0.008 over 1000 validation pairs
 * Audio R@5 0.003 Image R@5 0.005 over 1000 validation pairs
 * Audio R@1 0.000 Image R@1 0.001 over 1000 validation pairs
Epoch: [42][0/900]	Time 20.508 (3.608)	Data 16.599 (0.020)	Loss total 1.9668 (1.9966)
Epoch: [42][100/900]	Time 3.588 (3.608)	Data 0.000 (0.020)	Loss total 1.9542 (1.9966)
Epoch: [42][200/900]	Time 3.621 (3.608)	Data 0.000 (0.020)	Loss total 1.9925 (1.9966)
Epoch: [42][300/900]	Time 3.562 (3.607)	Data 0.000 (0.020)	Loss total 2.0209 (1.9966)
Epoch: [42][400/900]	Time 3.560 (3.607)	Data 0.000 (0.020)	Loss total 2.0279 (1.9966)
Epoch: [42][500/900]	Time 3.582 (3.607)	Data 0.000 (0.020)	Loss total 1.9411 (1.9966)
Epoch: [42][600/900]	Time 3.581 (3.607)	Data 0.000 (0.020)	Loss total 2.0204 (1.9966)
Epoch: [42][700/900]	Time 3.590 (3.607)	Data 0.001 (0.020)	Loss total 2.0330 (1.9966)
Epoch: [42][800/900]	Time 3.546 (3.607)	Data 0.000 (0.020)	Loss total 2.0118 (1.9966)
 * Audio R@10 0.006 Image R@10 0.008 over 1000 validation pairs
 * Audio R@5 0.003 Image R@5 0.005 over 1000 validation pairs
 * Audio R@1 0.000 Image R@1 0.001 over 1000 validation pairs
Epoch: [43][0/900]	Time 21.299 (3.607)	Data 17.489 (0.020)	Loss total 1.9642 (1.9966)
Epoch: [43][100/900]	Time 3.572 (3.607)	Data 0.000 (0.020)	Loss total 1.9861 (1.9966)
Epoch: [43][200/900]	Time 3.575 (3.607)	Data 0.000 (0.020)	Loss total 2.0025 (1.9966)
Epoch: [43][300/900]	Time 3.584 (3.607)	Data 0.000 (0.020)	Loss total 1.9922 (1.9966)
Epoch: [43][400/900]	Time 3.585 (3.607)	Data 0.000 (0.020)	Loss total 1.9779 (1.9966)
Epoch: [43][500/900]	Time 3.611 (3.607)	Data 0.000 (0.020)	Loss total 2.0023 (1.9966)
Epoch: [43][600/900]	Time 3.694 (3.607)	Data 0.000 (0.020)	Loss total 2.0501 (1.9966)
Epoch: [43][700/900]	Time 3.587 (3.607)	Data 0.000 (0.020)	Loss total 2.0177 (1.9966)
Epoch: [43][800/900]	Time 3.551 (3.607)	Data 0.001 (0.020)	Loss total 1.9787 (1.9966)
 * Audio R@10 0.006 Image R@10 0.008 over 1000 validation pairs
 * Audio R@5 0.003 Image R@5 0.005 over 1000 validation pairs
 * Audio R@1 0.000 Image R@1 0.001 over 1000 validation pairs
Epoch: [44][0/900]	Time 19.775 (3.607)	Data 15.959 (0.020)	Loss total 1.9977 (1.9966)
Epoch: [44][100/900]	Time 3.580 (3.607)	Data 0.000 (0.020)	Loss total 1.9750 (1.9966)
Epoch: [44][200/900]	Time 3.558 (3.607)	Data 0.000 (0.020)	Loss total 1.9931 (1.9966)
Epoch: [44][300/900]	Time 3.594 (3.607)	Data 0.000 (0.020)	Loss total 2.0196 (1.9966)
Epoch: [44][400/900]	Time 3.563 (3.607)	Data 0.000 (0.020)	Loss total 1.9713 (1.9966)
Epoch: [44][500/900]	Time 3.560 (3.607)	Data 0.000 (0.020)	Loss total 1.9876 (1.9966)
Epoch: [44][600/900]	Time 3.584 (3.607)	Data 0.000 (0.020)	Loss total 2.0164 (1.9966)
Epoch: [44][700/900]	Time 3.579 (3.607)	Data 0.000 (0.020)	Loss total 2.0018 (1.9966)
Epoch: [44][800/900]	Time 3.594 (3.607)	Data 0.000 (0.020)	Loss total 1.9496 (1.9965)
 * Audio R@10 0.006 Image R@10 0.008 over 1000 validation pairs
 * Audio R@5 0.003 Image R@5 0.005 over 1000 validation pairs
 * Audio R@1 0.000 Image R@1 0.001 over 1000 validation pairs
Epoch: [45][0/900]	Time 21.277 (3.607)	Data 17.490 (0.020)	Loss total 1.9467 (1.9965)
Epoch: [45][100/900]	Time 3.568 (3.607)	Data 0.001 (0.020)	Loss total 2.0003 (1.9965)
Epoch: [45][200/900]	Time 3.582 (3.607)	Data 0.000 (0.020)	Loss total 2.0095 (1.9965)
Epoch: [45][300/900]	Time 3.550 (3.607)	Data 0.000 (0.020)	Loss total 1.9940 (1.9966)
Epoch: [45][400/900]	Time 3.579 (3.607)	Data 0.000 (0.020)	Loss total 1.9780 (1.9966)
Epoch: [45][500/900]	Time 3.542 (3.607)	Data 0.000 (0.020)	Loss total 1.9822 (1.9965)
Epoch: [45][600/900]	Time 3.565 (3.607)	Data 0.000 (0.020)	Loss total 2.0062 (1.9965)
Epoch: [45][700/900]	Time 3.636 (3.607)	Data 0.000 (0.020)	Loss total 2.0197 (1.9965)
Epoch: [45][800/900]	Time 3.584 (3.606)	Data 0.000 (0.020)	Loss total 2.0449 (1.9965)
 * Audio R@10 0.006 Image R@10 0.008 over 1000 validation pairs
 * Audio R@5 0.003 Image R@5 0.005 over 1000 validation pairs
 * Audio R@1 0.000 Image R@1 0.001 over 1000 validation pairs
Epoch: [46][0/900]	Time 19.097 (3.607)	Data 15.312 (0.020)	Loss total 2.0275 (1.9965)
Epoch: [46][100/900]	Time 3.607 (3.607)	Data 0.000 (0.020)	Loss total 2.0121 (1.9965)
Epoch: [46][200/900]	Time 3.585 (3.607)	Data 0.000 (0.020)	Loss total 2.0019 (1.9965)
Epoch: [46][300/900]	Time 3.581 (3.607)	Data 0.000 (0.020)	Loss total 2.0329 (1.9965)
Epoch: [46][400/900]	Time 3.561 (3.607)	Data 0.000 (0.020)	Loss total 2.0075 (1.9965)
Epoch: [46][500/900]	Time 3.599 (3.606)	Data 0.000 (0.020)	Loss total 1.9692 (1.9965)
Epoch: [46][600/900]	Time 3.618 (3.606)	Data 0.001 (0.020)	Loss total 2.0169 (1.9965)
Epoch: [46][700/900]	Time 3.567 (3.606)	Data 0.000 (0.020)	Loss total 1.9882 (1.9965)
Epoch: [46][800/900]	Time 3.548 (3.606)	Data 0.000 (0.020)	Loss total 1.9750 (1.9965)
 * Audio R@10 0.006 Image R@10 0.008 over 1000 validation pairs
 * Audio R@5 0.003 Image R@5 0.005 over 1000 validation pairs
 * Audio R@1 0.000 Image R@1 0.001 over 1000 validation pairs
Epoch: [47][0/900]	Time 19.633 (3.607)	Data 15.812 (0.020)	Loss total 1.9614 (1.9965)
Epoch: [47][100/900]	Time 3.586 (3.606)	Data 0.000 (0.020)	Loss total 1.9715 (1.9965)
Epoch: [47][200/900]	Time 3.550 (3.606)	Data 0.000 (0.020)	Loss total 1.9575 (1.9965)
Epoch: [47][300/900]	Time 3.556 (3.606)	Data 0.001 (0.020)	Loss total 1.9727 (1.9965)
Epoch: [47][400/900]	Time 3.545 (3.606)	Data 0.000 (0.020)	Loss total 2.0205 (1.9965)
Epoch: [47][500/900]	Time 3.538 (3.606)	Data 0.000 (0.020)	Loss total 2.0114 (1.9965)
Epoch: [47][600/900]	Time 3.574 (3.606)	Data 0.000 (0.020)	Loss total 1.9779 (1.9965)
Epoch: [47][700/900]	Time 3.582 (3.606)	Data 0.000 (0.020)	Loss total 1.9982 (1.9965)
Epoch: [47][800/900]	Time 3.582 (3.606)	Data 0.000 (0.020)	Loss total 1.9879 (1.9965)
 * Audio R@10 0.006 Image R@10 0.008 over 1000 validation pairs
 * Audio R@5 0.003 Image R@5 0.005 over 1000 validation pairs
 * Audio R@1 0.000 Image R@1 0.001 over 1000 validation pairs
Epoch: [48][0/900]	Time 20.673 (3.606)	Data 16.878 (0.020)	Loss total 1.9877 (1.9965)
Epoch: [48][100/900]	Time 3.568 (3.606)	Data 0.001 (0.020)	Loss total 2.0274 (1.9965)
Epoch: [48][200/900]	Time 3.547 (3.606)	Data 0.000 (0.020)	Loss total 1.9827 (1.9965)
Epoch: [48][300/900]	Time 3.595 (3.606)	Data 0.000 (0.020)	Loss total 2.0125 (1.9965)
Epoch: [48][400/900]	Time 3.581 (3.606)	Data 0.000 (0.020)	Loss total 1.9644 (1.9965)
Epoch: [48][500/900]	Time 3.544 (3.606)	Data 0.000 (0.020)	Loss total 1.9881 (1.9965)
Epoch: [48][600/900]	Time 3.582 (3.606)	Data 0.000 (0.020)	Loss total 2.0264 (1.9965)
Epoch: [48][700/900]	Time 3.592 (3.606)	Data 0.000 (0.020)	Loss total 1.9625 (1.9964)
Epoch: [48][800/900]	Time 3.597 (3.606)	Data 0.000 (0.020)	Loss total 1.9912 (1.9964)
 * Audio R@10 0.006 Image R@10 0.008 over 1000 validation pairs
 * Audio R@5 0.003 Image R@5 0.005 over 1000 validation pairs
 * Audio R@1 0.000 Image R@1 0.001 over 1000 validation pairs
Epoch: [49][0/900]	Time 20.537 (3.606)	Data 16.604 (0.020)	Loss total 1.9295 (1.9964)
Epoch: [49][100/900]	Time 3.563 (3.606)	Data 0.000 (0.020)	Loss total 2.0846 (1.9964)
Epoch: [49][200/900]	Time 3.575 (3.606)	Data 0.000 (0.020)	Loss total 1.9825 (1.9964)
Epoch: [49][300/900]	Time 3.543 (3.606)	Data 0.000 (0.020)	Loss total 2.0186 (1.9964)
Epoch: [49][400/900]	Time 3.544 (3.606)	Data 0.000 (0.020)	Loss total 2.0128 (1.9965)
Epoch: [49][500/900]	Time 3.571 (3.606)	Data 0.000 (0.020)	Loss total 1.9482 (1.9964)
Epoch: [49][600/900]	Time 3.568 (3.606)	Data 0.000 (0.020)	Loss total 1.9677 (1.9964)
Epoch: [49][700/900]	Time 3.579 (3.606)	Data 0.000 (0.020)	Loss total 1.9984 (1.9964)
Epoch: [49][800/900]	Time 3.573 (3.606)	Data 0.000 (0.019)	Loss total 1.9669 (1.9964)
 * Audio R@10 0.006 Image R@10 0.008 over 1000 validation pairs
 * Audio R@5 0.003 Image R@5 0.005 over 1000 validation pairs
 * Audio R@1 0.000 Image R@1 0.001 over 1000 validation pairs
Epoch: [50][0/900]	Time 21.430 (3.606)	Data 17.558 (0.020)	Loss total 2.0543 (1.9964)
Epoch: [50][100/900]	Time 3.585 (3.606)	Data 0.000 (0.020)	Loss total 1.9986 (1.9964)
Epoch: [50][200/900]	Time 3.551 (3.606)	Data 0.000 (0.020)	Loss total 1.9967 (1.9964)
Epoch: [50][300/900]	Time 3.575 (3.606)	Data 0.001 (0.020)	Loss total 2.0259 (1.9964)
Epoch: [50][400/900]	Time 3.564 (3.606)	Data 0.000 (0.020)	Loss total 2.0253 (1.9964)
Epoch: [50][500/900]	Time 3.578 (3.606)	Data 0.000 (0.020)	Loss total 2.0027 (1.9964)
Epoch: [50][600/900]	Time 3.527 (3.605)	Data 0.000 (0.020)	Loss total 1.9901 (1.9964)
Epoch: [50][700/900]	Time 3.572 (3.605)	Data 0.000 (0.020)	Loss total 1.9854 (1.9964)
Epoch: [50][800/900]	Time 3.573 (3.605)	Data 0.000 (0.019)	Loss total 1.9791 (1.9964)
 * Audio R@10 0.006 Image R@10 0.008 over 1000 validation pairs
 * Audio R@5 0.003 Image R@5 0.005 over 1000 validation pairs
 * Audio R@1 0.000 Image R@1 0.001 over 1000 validation pairs
